<?xml version="1.0" encoding="UTF-8"?>
<!-- Generated by org.testng.reporters.JUnitReportReporter -->
<testsuite name="naukri.com.AppTestTest" tests="1" time="31.201" ignored="0" failures="0" timestamp="13 Jun 2020 17:24:30 GMT" skipped="0" hostname="ranand-t460" errors="0">
  <testcase name="AppTest" time="31.201" classname="naukri.com.AppTestTest"/>
</testsuite> <!-- naukri.com.AppTestTest -->
