<?xml version="1.0" encoding="UTF-8"?>
<!-- Generated by org.testng.reporters.JUnitReportReporter -->
<testsuite name="naukri.com.AppTestTest" tests="1" time="16.907" ignored="0" failures="0" timestamp="15 Jun 2020 04:39:15 GMT" skipped="0" hostname="ranand-t460" errors="1">
  <testcase name="AppTest" time="16.907" classname="naukri.com.AppTestTest">
    <error type="java.lang.StackOverflowError">
      <![CDATA[java.lang.StackOverflowError
	at java.io.InputStream.<init>(Unknown Source)
	at java.io.FileInputStream.<init>(Unknown Source)
	at java.io.FileInputStream.<init>(Unknown Source)
	at naukri.com.Properties.readProperty(Properties.java:18)
	at naukri.com.Properties.readProperty(Properties.java:24)
	at naukri.com.Properties.readProperty(Properties.java:24)
	at naukri.com.Properties.readProperty(Properties.java:24)
	at naukri.com.Properties.readProperty(Properties.java:24)
	at naukri.com.Properties.readProperty(Properties.java:24)
	at naukri.com.Properties.readProperty(Properties.java:24)
	at naukri.com.Properties.readProperty(Properties.java:24)
	at naukri.com.Properties.readProperty(Properties.java:24)
	at naukri.com.Properties.readProperty(Properties.java:24)
	at naukri.com.Properties.readProperty(Properties.java:24)
	at naukri.com.Properties.readProperty(Properties.java:24)
	at naukri.com.Properties.readProperty(Properties.java:24)
	at naukri.com.Properties.readProperty(Properties.java:24)
	at naukri.com.Properties.readProperty(Properties.java:24)
	at naukri.com.Properties.readProperty(Properties.java:24)
	at naukri.com.Properties.readProperty(Properties.java:24)
	at naukri.com.Properties.readProperty(Properties.java:24)
	at naukri.com.Properties.readProperty(Properties.java:24)
	at naukri.com.Properties.readProperty(Properties.java:24)
	at naukri.com.Properties.readProperty(Properties.java:24)
	at naukri.com.Properties.readProperty(Properties.java:24)
	at naukri.com.Properties.readProperty(Properties.java:24)
	at naukri.com.Properties.readProperty(Properties.java:24)
	at naukri.com.Properties.readProperty(Properties.java:24)
	at naukri.com.Properties.readProperty(Properties.java:24)
	at naukri.com.Properties.readProperty(Properties.java:24)
	at naukri.com.Properties.readProperty(Properties.java:24)
	at naukri.com.Properties.readProperty(Properties.java:24)
	at naukri.com.Properties.readProperty(Properties.java:24)
	at naukri.com.Properties.readProperty(Properties.java:24)
	at naukri.com.Properties.readProperty(Properties.java:24)
	at naukri.com.Properties.readProperty(Properties.java:24)
	at naukri.com.Properties.readProperty(Properties.java:24)
	at naukri.com.Properties.readProperty(Properties.java:24)
	at naukri.com.Properties.readProperty(Properties.java:24)
	at naukri.com.Properties.readProperty(Properties.java:24)
	at naukri.com.Properties.readProperty(Properties.java:24)
	at naukri.com.Properties.readProperty(Properties.java:24)
	at naukri.com.Properties.readProperty(Properties.java:24)
	at naukri.com.Properties.readProperty(Properties.java:24)
	at naukri.com.Properties.readProperty(Properties.java:24)
	at naukri.com.Properties.readProperty(Properties.java:24)
	at naukri.com.Properties.readProperty(Properties.java:24)
	at naukri.com.Properties.readProperty(Properties.java:24)
	at naukri.com.Properties.readProperty(Properties.java:24)
	at naukri.com.Properties.readProperty(Properties.java:24)
	at naukri.com.Properties.readProperty(Properties.java:24)
	at naukri.com.Properties.readProperty(Properties.java:24)
	at naukri.com.Properties.readProperty(Properties.java:24)
	at naukri.com.Properties.readProperty(Properties.java:24)
	at naukri.com.Properties.readProperty(Properties.java:24)
	at naukri.com.Properties.readProperty(Properties.java:24)
	at naukri.com.Properties.readProperty(Properties.java:24)
	at naukri.com.Properties.readProperty(Properties.java:24)
	at naukri.com.Properties.readProperty(Properties.java:24)
	at naukri.com.Properties.readProperty(Properties.java:24)
	at naukri.com.Properties.readProperty(Properties.java:24)
	at naukri.com.Properties.readProperty(Properties.java:24)
	at naukri.com.Properties.readProperty(Properties.java:24)
	at naukri.com.Properties.readProperty(Properties.java:24)
	at naukri.com.Properties.readProperty(Properties.java:24)
	at naukri.com.Properties.readProperty(Properties.java:24)
	at naukri.com.Properties.readProperty(Properties.java:24)
	at naukri.com.Properties.readProperty(Properties.java:24)
	at naukri.com.Properties.readProperty(Properties.java:24)
	at naukri.com.Properties.readProperty(Properties.java:24)
	at naukri.com.Properties.readProperty(Properties.java:24)
	at naukri.com.Properties.readProperty(Properties.java:24)
	at naukri.com.Properties.readProperty(Properties.java:24)
	at naukri.com.Properties.readProperty(Properties.java:24)
	at naukri.com.Properties.readProperty(Properties.java:24)
	at naukri.com.Properties.readProperty(Properties.java:24)
	at naukri.com.Properties.readProperty(Properties.java:24)
	at naukri.com.Properties.readProperty(Properties.java:24)
	at naukri.com.Properties.readProperty(Properties.java:24)
	at naukri.com.Properties.readProperty(Properties.java:24)
	at naukri.com.Properties.readProperty(Properties.java:24)
	at naukri.com.Properties.readProperty(Properties.java:24)
	at naukri.com.Properties.readProperty(Properties.java:24)
	at naukri.com.Properties.readProperty(Properties.java:24)
	at naukri.com.Properties.readProperty(Properties.java:24)
	at naukri.com.Properties.readProperty(Properties.java:24)
	at naukri.com.Properties.readProperty(Properties.java:24)
	at naukri.com.Properties.readProperty(Properties.java:24)
	at naukri.com.Properties.readProperty(Properties.java:24)
	at naukri.com.Properties.readProperty(Properties.java:24)
	at naukri.com.Properties.readProperty(Properties.java:24)
	at naukri.com.Properties.readProperty(Properties.java:24)
	at naukri.com.Properties.readProperty(Properties.java:24)
	at naukri.com.Properties.readProperty(Properties.java:24)
	at naukri.com.Properties.readProperty(Properties.java:24)
	at naukri.com.Properties.readProperty(Properties.java:24)
	at naukri.com.Properties.readProperty(Properties.java:24)
	at naukri.com.Properties.readProperty(Properties.java:24)
	at naukri.com.Properties.readProperty(Properties.java:24)
	at naukri.com.Properties.readProperty(Properties.java:24)
	at naukri.com.Properties.readProperty(Properties.java:24)
	at naukri.com.Properties.readProperty(Properties.java:24)
	at naukri.com.Properties.readProperty(Properties.java:24)
	at naukri.com.Properties.readProperty(Properties.java:24)
	at naukri.com.Properties.readProperty(Properties.java:24)
	at naukri.com.Properties.readProperty(Properties.java:24)
	at naukri.com.Properties.readProperty(Properties.java:24)
	at naukri.com.Properties.readProperty(Properties.java:24)
	at naukri.com.Properties.readProperty(Properties.java:24)
	at naukri.com.Properties.readProperty(Properties.java:24)
	at naukri.com.Properties.readProperty(Properties.java:24)
	at naukri.com.Properties.readProperty(Properties.java:24)
	at naukri.com.Properties.readProperty(Properties.java:24)
	at naukri.com.Properties.readProperty(Properties.java:24)
	at naukri.com.Properties.readProperty(Properties.java:24)
	at naukri.com.Properties.readProperty(Properties.java:24)
	at naukri.com.Properties.readProperty(Properties.java:24)
	at naukri.com.Properties.readProperty(Properties.java:24)
	at naukri.com.Properties.readProperty(Properties.java:24)
	at naukri.com.Properties.readProperty(Properties.java:24)
	at naukri.com.Properties.readProperty(Properties.java:24)
	at naukri.com.Properties.readProperty(Properties.java:24)
	at naukri.com.Properties.readProperty(Properties.java:24)
	at naukri.com.Properties.readProperty(Properties.java:24)
	at naukri.com.Properties.readProperty(Properties.java:24)
	at naukri.com.Properties.readProperty(Properties.java:24)
	at naukri.com.Properties.readProperty(Properties.java:24)
	at naukri.com.Properties.readProperty(Properties.java:24)
	at naukri.com.Properties.readProperty(Properties.java:24)
	at naukri.com.Properties.readProperty(Properties.java:24)
	at naukri.com.Properties.readProperty(Properties.java:24)
	at naukri.com.Properties.readProperty(Properties.java:24)
	at naukri.com.Properties.readProperty(Properties.java:24)
	at naukri.com.Properties.readProperty(Properties.java:24)
	at naukri.com.Properties.readProperty(Properties.java:24)
	at naukri.com.Properties.readProperty(Properties.java:24)
	at naukri.com.Properties.readProperty(Properties.java:24)
	at naukri.com.Properties.readProperty(Properties.java:24)
	at naukri.com.Properties.readProperty(Properties.java:24)
	at naukri.com.Properties.readProperty(Properties.java:24)
	at naukri.com.Properties.readProperty(Properties.java:24)
	at naukri.com.Properties.readProperty(Properties.java:24)
	at naukri.com.Properties.readProperty(Properties.java:24)
	at naukri.com.Properties.readProperty(Properties.java:24)
	at naukri.com.Properties.readProperty(Properties.java:24)
	at naukri.com.Properties.readProperty(Properties.java:24)
	at naukri.com.Properties.readProperty(Properties.java:24)
	at naukri.com.Properties.readProperty(Properties.java:24)
	at naukri.com.Properties.readProperty(Properties.java:24)
	at naukri.com.Properties.readProperty(Properties.java:24)
	at naukri.com.Properties.readProperty(Properties.java:24)
	at naukri.com.Properties.readProperty(Properties.java:24)
	at naukri.com.Properties.readProperty(Properties.java:24)
	at naukri.com.Properties.readProperty(Properties.java:24)
	at naukri.com.Properties.readProperty(Properties.java:24)
	at naukri.com.Properties.readProperty(Properties.java:24)
	at naukri.com.Properties.readProperty(Properties.java:24)
	at naukri.com.Properties.readProperty(Properties.java:24)
	at naukri.com.Properties.readProperty(Properties.java:24)
	at naukri.com.Properties.readProperty(Properties.java:24)
	at naukri.com.Properties.readProperty(Properties.java:24)
	at naukri.com.Properties.readProperty(Properties.java:24)
	at naukri.com.Properties.readProperty(Properties.java:24)
	at naukri.com.Properties.readProperty(Properties.java:24)
	at naukri.com.Properties.readProperty(Properties.java:24)
	at naukri.com.Properties.readProperty(Properties.java:24)
	at naukri.com.Properties.readProperty(Properties.java:24)
	at naukri.com.Properties.readProperty(Properties.java:24)
	at naukri.com.Properties.readProperty(Properties.java:24)
	at naukri.com.Properties.readProperty(Properties.java:24)
	at naukri.com.Properties.readProperty(Properties.java:24)
	at naukri.com.Properties.readProperty(Properties.java:24)
	at naukri.com.Properties.readProperty(Properties.java:24)
	at naukri.com.Properties.readProperty(Properties.java:24)
	at naukri.com.Properties.readProperty(Properties.java:24)
	at naukri.com.Properties.readProperty(Properties.java:24)
	at naukri.com.Properties.readProperty(Properties.java:24)
	at naukri.com.Properties.readProperty(Properties.java:24)
	at naukri.com.Properties.readProperty(Properties.java:24)
	at naukri.com.Properties.readProperty(Properties.java:24)
	at naukri.com.Properties.readProperty(Properties.java:24)
	at naukri.com.Properties.readProperty(Properties.java:24)
	at naukri.com.Properties.readProperty(Properties.java:24)
	at naukri.com.Properties.readProperty(Properties.java:24)
	at naukri.com.Properties.readProperty(Properties.java:24)
	at naukri.com.Properties.readProperty(Properties.java:24)
	at naukri.com.Properties.readProperty(Properties.java:24)
	at naukri.com.Properties.readProperty(Properties.java:24)
	at naukri.com.Properties.readProperty(Properties.java:24)
	at naukri.com.Properties.readProperty(Properties.java:24)
	at naukri.com.Properties.readProperty(Properties.java:24)
	at naukri.com.Properties.readProperty(Properties.java:24)
	at naukri.com.Properties.readProperty(Properties.java:24)
	at naukri.com.Properties.readProperty(Properties.java:24)
	at naukri.com.Properties.readProperty(Properties.java:24)
	at naukri.com.Properties.readProperty(Properties.java:24)
	at naukri.com.Properties.readProperty(Properties.java:24)
	at naukri.com.Properties.readProperty(Properties.java:24)
	at naukri.com.Properties.readProperty(Properties.java:24)
	at naukri.com.Properties.readProperty(Properties.java:24)
	at naukri.com.Properties.readProperty(Properties.java:24)
	at naukri.com.Properties.readProperty(Properties.java:24)
	at naukri.com.Properties.readProperty(Properties.java:24)
	at naukri.com.Properties.readProperty(Properties.java:24)
	at naukri.com.Properties.readProperty(Properties.java:24)
	at naukri.com.Properties.readProperty(Properties.java:24)
	at naukri.com.Properties.readProperty(Properties.java:24)
	at naukri.com.Properties.readProperty(Properties.java:24)
	at naukri.com.Properties.readProperty(Properties.java:24)
	at naukri.com.Properties.readProperty(Properties.java:24)
	at naukri.com.Properties.readProperty(Properties.java:24)
	at naukri.com.Properties.readProperty(Properties.java:24)
	at naukri.com.Properties.readProperty(Properties.java:24)
	at naukri.com.Properties.readProperty(Properties.java:24)
	at naukri.com.Properties.readProperty(Properties.java:24)
	at naukri.com.Properties.readProperty(Properties.java:24)
	at naukri.com.Properties.readProperty(Properties.java:24)
	at naukri.com.Properties.readProperty(Properties.java:24)
	at naukri.com.Properties.readProperty(Properties.java:24)
	at naukri.com.Properties.readProperty(Properties.java:24)
	at naukri.com.Properties.readProperty(Properties.java:24)
	at naukri.com.Properties.readProperty(Properties.java:24)
	at naukri.com.Properties.readProperty(Properties.java:24)
	at naukri.com.Properties.readProperty(Properties.java:24)
	at naukri.com.Properties.readProperty(Properties.java:24)
	at naukri.com.Properties.readProperty(Properties.java:24)
	at naukri.com.Properties.readProperty(Properties.java:24)
	at naukri.com.Properties.readProperty(Properties.java:24)
	at naukri.com.Properties.readProperty(Properties.java:24)
	at naukri.com.Properties.readProperty(Properties.java:24)
	at naukri.com.Properties.readProperty(Properties.java:24)
	at naukri.com.Properties.readProperty(Properties.java:24)
	at naukri.com.Properties.readProperty(Properties.java:24)
	at naukri.com.Properties.readProperty(Properties.java:24)
	at naukri.com.Properties.readProperty(Properties.java:24)
	at naukri.com.Properties.readProperty(Properties.java:24)
	at naukri.com.Properties.readProperty(Properties.java:24)
	at naukri.com.Properties.readProperty(Properties.java:24)
	at naukri.com.Properties.readProperty(Properties.java:24)
	at naukri.com.Properties.readProperty(Properties.java:24)
	at naukri.com.Properties.readProperty(Properties.java:24)
	at naukri.com.Properties.readProperty(Properties.java:24)
	at naukri.com.Properties.readProperty(Properties.java:24)
	at naukri.com.Properties.readProperty(Properties.java:24)
	at naukri.com.Properties.readProperty(Properties.java:24)
	at naukri.com.Properties.readProperty(Properties.java:24)
	at naukri.com.Properties.readProperty(Properties.java:24)
	at naukri.com.Properties.readProperty(Properties.java:24)
	at naukri.com.Properties.readProperty(Properties.java:24)
	at naukri.com.Properties.readProperty(Properties.java:24)
	at naukri.com.Properties.readProperty(Properties.java:24)
	at naukri.com.Properties.readProperty(Properties.java:24)
	at naukri.com.Properties.readProperty(Properties.java:24)
	at naukri.com.Properties.readProperty(Properties.java:24)
	at naukri.com.Properties.readProperty(Properties.java:24)
	at naukri.com.Properties.readProperty(Properties.java:24)
	at naukri.com.Properties.readProperty(Properties.java:24)
	at naukri.com.Properties.readProperty(Properties.java:24)
	at naukri.com.Properties.readProperty(Properties.java:24)
	at naukri.com.Properties.readProperty(Properties.java:24)
	at naukri.com.Properties.readProperty(Properties.java:24)
	at naukri.com.Properties.readProperty(Properties.java:24)
	at naukri.com.Properties.readProperty(Properties.java:24)
	at naukri.com.Properties.readProperty(Properties.java:24)
	at naukri.com.Properties.readProperty(Properties.java:24)
	at naukri.com.Properties.readProperty(Properties.java:24)
	at naukri.com.Properties.readProperty(Properties.java:24)
	at naukri.com.Properties.readProperty(Properties.java:24)
	at naukri.com.Properties.readProperty(Properties.java:24)
	at naukri.com.Properties.readProperty(Properties.java:24)
	at naukri.com.Properties.readProperty(Properties.java:24)
	at naukri.com.Properties.readProperty(Properties.java:24)
	at naukri.com.Properties.readProperty(Properties.java:24)
	at naukri.com.Properties.readProperty(Properties.java:24)
	at naukri.com.Properties.readProperty(Properties.java:24)
	at naukri.com.Properties.readProperty(Properties.java:24)
	at naukri.com.Properties.readProperty(Properties.java:24)
	at naukri.com.Properties.readProperty(Properties.java:24)
	at naukri.com.Properties.readProperty(Properties.java:24)
	at naukri.com.Properties.readProperty(Properties.java:24)
	at naukri.com.Properties.readProperty(Properties.java:24)
	at naukri.com.Properties.readProperty(Properties.java:24)
	at naukri.com.Properties.readProperty(Properties.java:24)
	at naukri.com.Properties.readProperty(Properties.java:24)
	at naukri.com.Properties.readProperty(Properties.java:24)
	at naukri.com.Properties.readProperty(Properties.java:24)
	at naukri.com.Properties.readProperty(Properties.java:24)
	at naukri.com.Properties.readProperty(Properties.java:24)
	at naukri.com.Properties.readProperty(Properties.java:24)
	at naukri.com.Properties.readProperty(Properties.java:24)
	at naukri.com.Properties.readProperty(Properties.java:24)
	at naukri.com.Properties.readProperty(Properties.java:24)
	at naukri.com.Properties.readProperty(Properties.java:24)
	at naukri.com.Properties.readProperty(Properties.java:24)
	at naukri.com.Properties.readProperty(Properties.java:24)
	at naukri.com.Properties.readProperty(Properties.java:24)
	at naukri.com.Properties.readProperty(Properties.java:24)
	at naukri.com.Properties.readProperty(Properties.java:24)
	at naukri.com.Properties.readProperty(Properties.java:24)
	at naukri.com.Properties.readProperty(Properties.java:24)
	at naukri.com.Properties.readProperty(Properties.java:24)
	at naukri.com.Properties.readProperty(Properties.java:24)
	at naukri.com.Properties.readProperty(Properties.java:24)
	at naukri.com.Properties.readProperty(Properties.java:24)
	at naukri.com.Properties.readProperty(Properties.java:24)
	at naukri.com.Properties.readProperty(Properties.java:24)
	at naukri.com.Properties.readProperty(Properties.java:24)
	at naukri.com.Properties.readProperty(Properties.java:24)
	at naukri.com.Properties.readProperty(Properties.java:24)
	at naukri.com.Properties.readProperty(Properties.java:24)
	at naukri.com.Properties.readProperty(Properties.java:24)
	at naukri.com.Properties.readProperty(Properties.java:24)
	at naukri.com.Properties.readProperty(Properties.java:24)
	at naukri.com.Properties.readProperty(Properties.java:24)
	at naukri.com.Properties.readProperty(Properties.java:24)
	at naukri.com.Properties.readProperty(Properties.java:24)
	at naukri.com.Properties.readProperty(Properties.java:24)
	at naukri.com.Properties.readProperty(Properties.java:24)
	at naukri.com.Properties.readProperty(Properties.java:24)
	at naukri.com.Properties.readProperty(Properties.java:24)
	at naukri.com.Properties.readProperty(Properties.java:24)
	at naukri.com.Properties.readProperty(Properties.java:24)
	at naukri.com.Properties.readProperty(Properties.java:24)
	at naukri.com.Properties.readProperty(Properties.java:24)
	at naukri.com.Properties.readProperty(Properties.java:24)
	at naukri.com.Properties.readProperty(Properties.java:24)
	at naukri.com.Properties.readProperty(Properties.java:24)
	at naukri.com.Properties.readProperty(Properties.java:24)
	at naukri.com.Properties.readProperty(Properties.java:24)
	at naukri.com.Properties.readProperty(Properties.java:24)
	at naukri.com.Properties.readProperty(Properties.java:24)
	at naukri.com.Properties.readProperty(Properties.java:24)
	at naukri.com.Properties.readProperty(Properties.java:24)
	at naukri.com.Properties.readProperty(Properties.java:24)
	at naukri.com.Properties.readProperty(Properties.java:24)
	at naukri.com.Properties.readProperty(Properties.java:24)
	at naukri.com.Properties.readProperty(Properties.java:24)
	at naukri.com.Properties.readProperty(Properties.java:24)
	at naukri.com.Properties.readProperty(Properties.java:24)
	at naukri.com.Properties.readProperty(Properties.java:24)
	at naukri.com.Properties.readProperty(Properties.java:24)
	at naukri.com.Properties.readProperty(Properties.java:24)
	at naukri.com.Properties.readProperty(Properties.java:24)
	at naukri.com.Properties.readProperty(Properties.java:24)
	at naukri.com.Properties.readProperty(Properties.java:24)
	at naukri.com.Properties.readProperty(Properties.java:24)
	at naukri.com.Properties.readProperty(Properties.java:24)
	at naukri.com.Properties.readProperty(Properties.java:24)
	at naukri.com.Properties.readProperty(Properties.java:24)
	at naukri.com.Properties.readProperty(Properties.java:24)
	at naukri.com.Properties.readProperty(Properties.java:24)
	at naukri.com.Properties.readProperty(Properties.java:24)
	at naukri.com.Properties.readProperty(Properties.java:24)
	at naukri.com.Properties.readProperty(Properties.java:24)
	at naukri.com.Properties.readProperty(Properties.java:24)
	at naukri.com.Properties.readProperty(Properties.java:24)
	at naukri.com.Properties.readProperty(Properties.java:24)
	at naukri.com.Properties.readProperty(Properties.java:24)
	at naukri.com.Properties.readProperty(Properties.java:24)
	at naukri.com.Properties.readProperty(Properties.java:24)
	at naukri.com.Properties.readProperty(Properties.java:24)
	at naukri.com.Properties.readProperty(Properties.java:24)
	at naukri.com.Properties.readProperty(Properties.java:24)
	at naukri.com.Properties.readProperty(Properties.java:24)
	at naukri.com.Properties.readProperty(Properties.java:24)
	at naukri.com.Properties.readProperty(Properties.java:24)
	at naukri.com.Properties.readProperty(Properties.java:24)
	at naukri.com.Properties.readProperty(Properties.java:24)
	at naukri.com.Properties.readProperty(Properties.java:24)
	at naukri.com.Properties.readProperty(Properties.java:24)
	at naukri.com.Properties.readProperty(Properties.java:24)
	at naukri.com.Properties.readProperty(Properties.java:24)
	at naukri.com.Properties.readProperty(Properties.java:24)
	at naukri.com.Properties.readProperty(Properties.java:24)
	at naukri.com.Properties.readProperty(Properties.java:24)
	at naukri.com.Properties.readProperty(Properties.java:24)
	at naukri.com.Properties.readProperty(Properties.java:24)
	at naukri.com.Properties.readProperty(Properties.java:24)
	at naukri.com.Properties.readProperty(Properties.java:24)
	at naukri.com.Properties.readProperty(Properties.java:24)
	at naukri.com.Properties.readProperty(Properties.java:24)
	at naukri.com.Properties.readProperty(Properties.java:24)
	at naukri.com.Properties.readProperty(Properties.java:24)
	at naukri.com.Properties.readProperty(Properties.java:24)
	at naukri.com.Properties.readProperty(Properties.java:24)
	at naukri.com.Properties.readProperty(Properties.java:24)
	at naukri.com.Properties.readProperty(Properties.java:24)
	at naukri.com.Properties.readProperty(Properties.java:24)
	at naukri.com.Properties.readProperty(Properties.java:24)
	at naukri.com.Properties.readProperty(Properties.java:24)
	at naukri.com.Properties.readProperty(Properties.java:24)
	at naukri.com.Properties.readProperty(Properties.java:24)
	at naukri.com.Properties.readProperty(Properties.java:24)
	at naukri.com.Properties.readProperty(Properties.java:24)
	at naukri.com.Properties.readProperty(Properties.java:24)
	at naukri.com.Properties.readProperty(Properties.java:24)
	at naukri.com.Properties.readProperty(Properties.java:24)
	at naukri.com.Properties.readProperty(Properties.java:24)
	at naukri.com.Properties.readProperty(Properties.java:24)
	at naukri.com.Properties.readProperty(Properties.java:24)
	at naukri.com.Properties.readProperty(Properties.java:24)
	at naukri.com.Properties.readProperty(Properties.java:24)
	at naukri.com.Properties.readProperty(Properties.java:24)
	at naukri.com.Properties.readProperty(Properties.java:24)
	at naukri.com.Properties.readProperty(Properties.java:24)
	at naukri.com.Properties.readProperty(Properties.java:24)
	at naukri.com.Properties.readProperty(Properties.java:24)
	at naukri.com.Properties.readProperty(Properties.java:24)
	at naukri.com.Properties.readProperty(Properties.java:24)
	at naukri.com.Properties.readProperty(Properties.java:24)
	at naukri.com.Properties.readProperty(Properties.java:24)
	at naukri.com.Properties.readProperty(Properties.java:24)
	at naukri.com.Properties.readProperty(Properties.java:24)
	at naukri.com.Properties.readProperty(Properties.java:24)
	at naukri.com.Properties.readProperty(Properties.java:24)
	at naukri.com.Properties.readProperty(Properties.java:24)
	at naukri.com.Properties.readProperty(Properties.java:24)
	at naukri.com.Properties.readProperty(Properties.java:24)
	at naukri.com.Properties.readProperty(Properties.java:24)
	at naukri.com.Properties.readProperty(Properties.java:24)
	at naukri.com.Properties.readProperty(Properties.java:24)
	at naukri.com.Properties.readProperty(Properties.java:24)
	at naukri.com.Properties.readProperty(Properties.java:24)
	at naukri.com.Properties.readProperty(Properties.java:24)
	at naukri.com.Properties.readProperty(Properties.java:24)
	at naukri.com.Properties.readProperty(Properties.java:24)
	at naukri.com.Properties.readProperty(Properties.java:24)
	at naukri.com.Properties.readProperty(Properties.java:24)
	at naukri.com.Properties.readProperty(Properties.java:24)
	at naukri.com.Properties.readProperty(Properties.java:24)
	at naukri.com.Properties.readProperty(Properties.java:24)
	at naukri.com.Properties.readProperty(Properties.java:24)
	at naukri.com.Properties.readProperty(Properties.java:24)
	at naukri.com.Properties.readProperty(Properties.java:24)
	at naukri.com.Properties.readProperty(Properties.java:24)
	at naukri.com.Properties.readProperty(Properties.java:24)
	at naukri.com.Properties.readProperty(Properties.java:24)
	at naukri.com.Properties.readProperty(Properties.java:24)
	at naukri.com.Properties.readProperty(Properties.java:24)
	at naukri.com.Properties.readProperty(Properties.java:24)
	at naukri.com.Properties.readProperty(Properties.java:24)
	at naukri.com.Properties.readProperty(Properties.java:24)
	at naukri.com.Properties.readProperty(Properties.java:24)
	at naukri.com.Properties.readProperty(Properties.java:24)
	at naukri.com.Properties.readProperty(Properties.java:24)
	at naukri.com.Properties.readProperty(Properties.java:24)
	at naukri.com.Properties.readProperty(Properties.java:24)
	at naukri.com.Properties.readProperty(Properties.java:24)
	at naukri.com.Properties.readProperty(Properties.java:24)
	at naukri.com.Properties.readProperty(Properties.java:24)
	at naukri.com.Properties.readProperty(Properties.java:24)
	at naukri.com.Properties.readProperty(Properties.java:24)
	at naukri.com.Properties.readProperty(Properties.java:24)
	at naukri.com.Properties.readProperty(Properties.java:24)
	at naukri.com.Properties.readProperty(Properties.java:24)
	at naukri.com.Properties.readProperty(Properties.java:24)
	at naukri.com.Properties.readProperty(Properties.java:24)
	at naukri.com.Properties.readProperty(Properties.java:24)
	at naukri.com.Properties.readProperty(Properties.java:24)
	at naukri.com.Properties.readProperty(Properties.java:24)
	at naukri.com.Properties.readProperty(Properties.java:24)
	at naukri.com.Properties.readProperty(Properties.java:24)
	at naukri.com.Properties.readProperty(Properties.java:24)
	at naukri.com.Properties.readProperty(Properties.java:24)
	at naukri.com.Properties.readProperty(Properties.java:24)
	at naukri.com.Properties.readProperty(Properties.java:24)
	at naukri.com.Properties.readProperty(Properties.java:24)
	at naukri.com.Properties.readProperty(Properties.java:24)
	at naukri.com.Properties.readProperty(Properties.java:24)
	at naukri.com.Properties.readProperty(Properties.java:24)
	at naukri.com.Properties.readProperty(Properties.java:24)
	at naukri.com.Properties.readProperty(Properties.java:24)
	at naukri.com.Properties.readProperty(Properties.java:24)
	at naukri.com.Properties.readProperty(Properties.java:24)
	at naukri.com.Properties.readProperty(Properties.java:24)
	at naukri.com.Properties.readProperty(Properties.java:24)
	at naukri.com.Properties.readProperty(Properties.java:24)
	at naukri.com.Properties.readProperty(Properties.java:24)
	at naukri.com.Properties.readProperty(Properties.java:24)
	at naukri.com.Properties.readProperty(Properties.java:24)
	at naukri.com.Properties.readProperty(Properties.java:24)
	at naukri.com.Properties.readProperty(Properties.java:24)
	at naukri.com.Properties.readProperty(Properties.java:24)
	at naukri.com.Properties.readProperty(Properties.java:24)
	at naukri.com.Properties.readProperty(Properties.java:24)
	at naukri.com.Properties.readProperty(Properties.java:24)
	at naukri.com.Properties.readProperty(Properties.java:24)
	at naukri.com.Properties.readProperty(Properties.java:24)
	at naukri.com.Properties.readProperty(Properties.java:24)
	at naukri.com.Properties.readProperty(Properties.java:24)
	at naukri.com.Properties.readProperty(Properties.java:24)
	at naukri.com.Properties.readProperty(Properties.java:24)
	at naukri.com.Properties.readProperty(Properties.java:24)
	at naukri.com.Properties.readProperty(Properties.java:24)
	at naukri.com.Properties.readProperty(Properties.java:24)
	at naukri.com.Properties.readProperty(Properties.java:24)
	at naukri.com.Properties.readProperty(Properties.java:24)
	at naukri.com.Properties.readProperty(Properties.java:24)
	at naukri.com.Properties.readProperty(Properties.java:24)
	at naukri.com.Properties.readProperty(Properties.java:24)
	at naukri.com.Properties.readProperty(Properties.java:24)
	at naukri.com.Properties.readProperty(Properties.java:24)
	at naukri.com.Properties.readProperty(Properties.java:24)
	at naukri.com.Properties.readProperty(Properties.java:24)
	at naukri.com.Properties.readProperty(Properties.java:24)
	at naukri.com.Properties.readProperty(Properties.java:24)
	at naukri.com.Properties.readProperty(Properties.java:24)
	at naukri.com.Properties.readProperty(Properties.java:24)
	at naukri.com.Properties.readProperty(Properties.java:24)
	at naukri.com.Properties.readProperty(Properties.java:24)
	at naukri.com.Properties.readProperty(Properties.java:24)
	at naukri.com.Properties.readProperty(Properties.java:24)
	at naukri.com.Properties.readProperty(Properties.java:24)
	at naukri.com.Properties.readProperty(Properties.java:24)
	at naukri.com.Properties.readProperty(Properties.java:24)
	at naukri.com.Properties.readProperty(Properties.java:24)
	at naukri.com.Properties.readProperty(Properties.java:24)
	at naukri.com.Properties.readProperty(Properties.java:24)
	at naukri.com.Properties.readProperty(Properties.java:24)
	at naukri.com.Properties.readProperty(Properties.java:24)
	at naukri.com.Properties.readProperty(Properties.java:24)
	at naukri.com.Properties.readProperty(Properties.java:24)
	at naukri.com.Properties.readProperty(Properties.java:24)
	at naukri.com.Properties.readProperty(Properties.java:24)
	at naukri.com.Properties.readProperty(Properties.java:24)
	at naukri.com.Properties.readProperty(Properties.java:24)
	at naukri.com.Properties.readProperty(Properties.java:24)
	at naukri.com.Properties.readProperty(Properties.java:24)
	at naukri.com.Properties.readProperty(Properties.java:24)
	at naukri.com.Properties.readProperty(Properties.java:24)
	at naukri.com.Properties.readProperty(Properties.java:24)
	at naukri.com.Properties.readProperty(Properties.java:24)
	at naukri.com.Properties.readProperty(Properties.java:24)
	at naukri.com.Properties.readProperty(Properties.java:24)
	at naukri.com.Properties.readProperty(Properties.java:24)
	at naukri.com.Properties.readProperty(Properties.java:24)
	at naukri.com.Properties.readProperty(Properties.java:24)
	at naukri.com.Properties.readProperty(Properties.java:24)
	at naukri.com.Properties.readProperty(Properties.java:24)
	at naukri.com.Properties.readProperty(Properties.java:24)
	at naukri.com.Properties.readProperty(Properties.java:24)
	at naukri.com.Properties.readProperty(Properties.java:24)
	at naukri.com.Properties.readProperty(Properties.java:24)
	at naukri.com.Properties.readProperty(Properties.java:24)
	at naukri.com.Properties.readProperty(Properties.java:24)
	at naukri.com.Properties.readProperty(Properties.java:24)
	at naukri.com.Properties.readProperty(Properties.java:24)
	at naukri.com.Properties.readProperty(Properties.java:24)
	at naukri.com.Properties.readProperty(Properties.java:24)
	at naukri.com.Properties.readProperty(Properties.java:24)
	at naukri.com.Properties.readProperty(Properties.java:24)
	at naukri.com.Properties.readProperty(Properties.java:24)
	at naukri.com.Properties.readProperty(Properties.java:24)
	at naukri.com.Properties.readProperty(Properties.java:24)
	at naukri.com.Properties.readProperty(Properties.java:24)
	at naukri.com.Properties.readProperty(Properties.java:24)
	at naukri.com.Properties.readProperty(Properties.java:24)
	at naukri.com.Properties.readProperty(Properties.java:24)
	at naukri.com.Properties.readProperty(Properties.java:24)
	at naukri.com.Properties.readProperty(Properties.java:24)
	at naukri.com.Properties.readProperty(Properties.java:24)
	at naukri.com.Properties.readProperty(Properties.java:24)
	at naukri.com.Properties.readProperty(Properties.java:24)
	at naukri.com.Properties.readProperty(Properties.java:24)
	at naukri.com.Properties.readProperty(Properties.java:24)
	at naukri.com.Properties.readProperty(Properties.java:24)
	at naukri.com.Properties.readProperty(Properties.java:24)
	at naukri.com.Properties.readProperty(Properties.java:24)
	at naukri.com.Properties.readProperty(Properties.java:24)
	at naukri.com.Properties.readProperty(Properties.java:24)
	at naukri.com.Properties.readProperty(Properties.java:24)
	at naukri.com.Properties.readProperty(Properties.java:24)
	at naukri.com.Properties.readProperty(Properties.java:24)
	at naukri.com.Properties.readProperty(Properties.java:24)
	at naukri.com.Properties.readProperty(Properties.java:24)
	at naukri.com.Properties.readProperty(Properties.java:24)
	at naukri.com.Properties.readProperty(Properties.java:24)
	at naukri.com.Properties.readProperty(Properties.java:24)
	at naukri.com.Properties.readProperty(Properties.java:24)
	at naukri.com.Properties.readProperty(Properties.java:24)
	at naukri.com.Properties.readProperty(Properties.java:24)
	at naukri.com.Properties.readProperty(Properties.java:24)
	at naukri.com.Properties.readProperty(Properties.java:24)
	at naukri.com.Properties.readProperty(Properties.java:24)
	at naukri.com.Properties.readProperty(Properties.java:24)
	at naukri.com.Properties.readProperty(Properties.java:24)
	at naukri.com.Properties.readProperty(Properties.java:24)
	at naukri.com.Properties.readProperty(Properties.java:24)
	at naukri.com.Properties.readProperty(Properties.java:24)
	at naukri.com.Properties.readProperty(Properties.java:24)
	at naukri.com.Properties.readProperty(Properties.java:24)
	at naukri.com.Properties.readProperty(Properties.java:24)
	at naukri.com.Properties.readProperty(Properties.java:24)
	at naukri.com.Properties.readProperty(Properties.java:24)
	at naukri.com.Properties.readProperty(Properties.java:24)
	at naukri.com.Properties.readProperty(Properties.java:24)
	at naukri.com.Properties.readProperty(Properties.java:24)
	at naukri.com.Properties.readProperty(Properties.java:24)
	at naukri.com.Properties.readProperty(Properties.java:24)
	at naukri.com.Properties.readProperty(Properties.java:24)
	at naukri.com.Properties.readProperty(Properties.java:24)
	at naukri.com.Properties.readProperty(Properties.java:24)
	at naukri.com.Properties.readProperty(Properties.java:24)
	at naukri.com.Properties.readProperty(Properties.java:24)
	at naukri.com.Properties.readProperty(Properties.java:24)
	at naukri.com.Properties.readProperty(Properties.java:24)
	at naukri.com.Properties.readProperty(Properties.java:24)
	at naukri.com.Properties.readProperty(Properties.java:24)
	at naukri.com.Properties.readProperty(Properties.java:24)
	at naukri.com.Properties.readProperty(Properties.java:24)
	at naukri.com.Properties.readProperty(Properties.java:24)
	at naukri.com.Properties.readProperty(Properties.java:24)
	at naukri.com.Properties.readProperty(Properties.java:24)
	at naukri.com.Properties.readProperty(Properties.java:24)
	at naukri.com.Properties.readProperty(Properties.java:24)
	at naukri.com.Properties.readProperty(Properties.java:24)
	at naukri.com.Properties.readProperty(Properties.java:24)
	at naukri.com.Properties.readProperty(Properties.java:24)
	at naukri.com.Properties.readProperty(Properties.java:24)
	at naukri.com.Properties.readProperty(Properties.java:24)
	at naukri.com.Properties.readProperty(Properties.java:24)
	at naukri.com.Properties.readProperty(Properties.java:24)
	at naukri.com.Properties.readProperty(Properties.java:24)
	at naukri.com.Properties.readProperty(Properties.java:24)
	at naukri.com.Properties.readProperty(Properties.java:24)
	at naukri.com.Properties.readProperty(Properties.java:24)
	at naukri.com.Properties.readProperty(Properties.java:24)
	at naukri.com.Properties.readProperty(Properties.java:24)
	at naukri.com.Properties.readProperty(Properties.java:24)
	at naukri.com.Properties.readProperty(Properties.java:24)
	at naukri.com.Properties.readProperty(Properties.java:24)
	at naukri.com.Properties.readProperty(Properties.java:24)
	at naukri.com.Properties.readProperty(Properties.java:24)
	at naukri.com.Properties.readProperty(Properties.java:24)
	at naukri.com.Properties.readProperty(Properties.java:24)
	at naukri.com.Properties.readProperty(Properties.java:24)
	at naukri.com.Properties.readProperty(Properties.java:24)
	at naukri.com.Properties.readProperty(Properties.java:24)
	at naukri.com.Properties.readProperty(Properties.java:24)
	at naukri.com.Properties.readProperty(Properties.java:24)
	at naukri.com.Properties.readProperty(Properties.java:24)
	at naukri.com.Properties.readProperty(Properties.java:24)
	at naukri.com.Properties.readProperty(Properties.java:24)
	at naukri.com.Properties.readProperty(Properties.java:24)
	at naukri.com.Properties.readProperty(Properties.java:24)
	at naukri.com.Properties.readProperty(Properties.java:24)
	at naukri.com.Properties.readProperty(Properties.java:24)
	at naukri.com.Properties.readProperty(Properties.java:24)
	at naukri.com.Properties.readProperty(Properties.java:24)
	at naukri.com.Properties.readProperty(Properties.java:24)
	at naukri.com.Properties.readProperty(Properties.java:24)
	at naukri.com.Properties.readProperty(Properties.java:24)
	at naukri.com.Properties.readProperty(Properties.java:24)
	at naukri.com.Properties.readProperty(Properties.java:24)
	at naukri.com.Properties.readProperty(Properties.java:24)
	at naukri.com.Properties.readProperty(Properties.java:24)
	at naukri.com.Properties.readProperty(Properties.java:24)
	at naukri.com.Properties.readProperty(Properties.java:24)
	at naukri.com.Properties.readProperty(Properties.java:24)
	at naukri.com.Properties.readProperty(Properties.java:24)
	at naukri.com.Properties.readProperty(Properties.java:24)
	at naukri.com.Properties.readProperty(Properties.java:24)
	at naukri.com.Properties.readProperty(Properties.java:24)
	at naukri.com.Properties.readProperty(Properties.java:24)
	at naukri.com.Properties.readProperty(Properties.java:24)
	at naukri.com.Properties.readProperty(Properties.java:24)
	at naukri.com.Properties.readProperty(Properties.java:24)
	at naukri.com.Properties.readProperty(Properties.java:24)
	at naukri.com.Properties.readProperty(Properties.java:24)
	at naukri.com.Properties.readProperty(Properties.java:24)
	at naukri.com.Properties.readProperty(Properties.java:24)
	at naukri.com.Properties.readProperty(Properties.java:24)
	at naukri.com.Properties.readProperty(Properties.java:24)
	at naukri.com.Properties.readProperty(Properties.java:24)
	at naukri.com.Properties.readProperty(Properties.java:24)
	at naukri.com.Properties.readProperty(Properties.java:24)
	at naukri.com.Properties.readProperty(Properties.java:24)
	at naukri.com.Properties.readProperty(Properties.java:24)
	at naukri.com.Properties.readProperty(Properties.java:24)
	at naukri.com.Properties.readProperty(Properties.java:24)
	at naukri.com.Properties.readProperty(Properties.java:24)
	at naukri.com.Properties.readProperty(Properties.java:24)
	at naukri.com.Properties.readProperty(Properties.java:24)
	at naukri.com.Properties.readProperty(Properties.java:24)
	at naukri.com.Properties.readProperty(Properties.java:24)
	at naukri.com.Properties.readProperty(Properties.java:24)
	at naukri.com.Properties.readProperty(Properties.java:24)
	at naukri.com.Properties.readProperty(Properties.java:24)
	at naukri.com.Properties.readProperty(Properties.java:24)
	at naukri.com.Properties.readProperty(Properties.java:24)
	at naukri.com.Properties.readProperty(Properties.java:24)
	at naukri.com.Properties.readProperty(Properties.java:24)
	at naukri.com.Properties.readProperty(Properties.java:24)
	at naukri.com.Properties.readProperty(Properties.java:24)
	at naukri.com.Properties.readProperty(Properties.java:24)
	at naukri.com.Properties.readProperty(Properties.java:24)
	at naukri.com.Properties.readProperty(Properties.java:24)
	at naukri.com.Properties.readProperty(Properties.java:24)
	at naukri.com.Properties.readProperty(Properties.java:24)
	at naukri.com.Properties.readProperty(Properties.java:24)
	at naukri.com.Properties.readProperty(Properties.java:24)
	at naukri.com.Properties.readProperty(Properties.java:24)
	at naukri.com.Properties.readProperty(Properties.java:24)
	at naukri.com.Properties.readProperty(Properties.java:24)
	at naukri.com.Properties.readProperty(Properties.java:24)
	at naukri.com.Properties.readProperty(Properties.java:24)
	at naukri.com.Properties.readProperty(Properties.java:24)
	at naukri.com.Properties.readProperty(Properties.java:24)
	at naukri.com.Properties.readProperty(Properties.java:24)
	at naukri.com.Properties.readProperty(Properties.java:24)
	at naukri.com.Properties.readProperty(Properties.java:24)
	at naukri.com.Properties.readProperty(Properties.java:24)
	at naukri.com.Properties.readProperty(Properties.java:24)
	at naukri.com.Properties.readProperty(Properties.java:24)
	at naukri.com.Properties.readProperty(Properties.java:24)
	at naukri.com.Properties.readProperty(Properties.java:24)
	at naukri.com.Properties.readProperty(Properties.java:24)
	at naukri.com.Properties.readProperty(Properties.java:24)
	at naukri.com.Properties.readProperty(Properties.java:24)
	at naukri.com.Properties.readProperty(Properties.java:24)
	at naukri.com.Properties.readProperty(Properties.java:24)
	at naukri.com.Properties.readProperty(Properties.java:24)
	at naukri.com.Properties.readProperty(Properties.java:24)
	at naukri.com.Properties.readProperty(Properties.java:24)
	at naukri.com.Properties.readProperty(Properties.java:24)
	at naukri.com.Properties.readProperty(Properties.java:24)
	at naukri.com.Properties.readProperty(Properties.java:24)
	at naukri.com.Properties.readProperty(Properties.java:24)
	at naukri.com.Properties.readProperty(Properties.java:24)
	at naukri.com.Properties.readProperty(Properties.java:24)
	at naukri.com.Properties.readProperty(Properties.java:24)
	at naukri.com.Properties.readProperty(Properties.java:24)
	at naukri.com.Properties.readProperty(Properties.java:24)
	at naukri.com.Properties.readProperty(Properties.java:24)
	at naukri.com.Properties.readProperty(Properties.java:24)
	at naukri.com.Properties.readProperty(Properties.java:24)
	at naukri.com.Properties.readProperty(Properties.java:24)
	at naukri.com.Properties.readProperty(Properties.java:24)
	at naukri.com.Properties.readProperty(Properties.java:24)
	at naukri.com.Properties.readProperty(Properties.java:24)
	at naukri.com.Properties.readProperty(Properties.java:24)
	at naukri.com.Properties.readProperty(Properties.java:24)
	at naukri.com.Properties.readProperty(Properties.java:24)
	at naukri.com.Properties.readProperty(Properties.java:24)
	at naukri.com.Properties.readProperty(Properties.java:24)
	at naukri.com.Properties.readProperty(Properties.java:24)
	at naukri.com.Properties.readProperty(Properties.java:24)
	at naukri.com.Properties.readProperty(Properties.java:24)
	at naukri.com.Properties.readProperty(Properties.java:24)
	at naukri.com.Properties.readProperty(Properties.java:24)
	at naukri.com.Properties.readProperty(Properties.java:24)
	at naukri.com.Properties.readProperty(Properties.java:24)
	at naukri.com.Properties.readProperty(Properties.java:24)
	at naukri.com.Properties.readProperty(Properties.java:24)
	at naukri.com.Properties.readProperty(Properties.java:24)
	at naukri.com.Properties.readProperty(Properties.java:24)
	at naukri.com.Properties.readProperty(Properties.java:24)
	at naukri.com.Properties.readProperty(Properties.java:24)
	at naukri.com.Properties.readProperty(Properties.java:24)
	at naukri.com.Properties.readProperty(Properties.java:24)
	at naukri.com.Properties.readProperty(Properties.java:24)
	at naukri.com.Properties.readProperty(Properties.java:24)
	at naukri.com.Properties.readProperty(Properties.java:24)
	at naukri.com.Properties.readProperty(Properties.java:24)
	at naukri.com.Properties.readProperty(Properties.java:24)
	at naukri.com.Properties.readProperty(Properties.java:24)
	at naukri.com.Properties.readProperty(Properties.java:24)
	at naukri.com.Properties.readProperty(Properties.java:24)
	at naukri.com.Properties.readProperty(Properties.java:24)
	at naukri.com.Properties.readProperty(Properties.java:24)
	at naukri.com.Properties.readProperty(Properties.java:24)
	at naukri.com.Properties.readProperty(Properties.java:24)
	at naukri.com.Properties.readProperty(Properties.java:24)
	at naukri.com.Properties.readProperty(Properties.java:24)
	at naukri.com.Properties.readProperty(Properties.java:24)
	at naukri.com.Properties.readProperty(Properties.java:24)
	at naukri.com.Properties.readProperty(Properties.java:24)
	at naukri.com.Properties.readProperty(Properties.java:24)
	at naukri.com.Properties.readProperty(Properties.java:24)
	at naukri.com.Properties.readProperty(Properties.java:24)
	at naukri.com.Properties.readProperty(Properties.java:24)
	at naukri.com.Properties.readProperty(Properties.java:24)
	at naukri.com.Properties.readProperty(Properties.java:24)
	at naukri.com.Properties.readProperty(Properties.java:24)
	at naukri.com.Properties.readProperty(Properties.java:24)
	at naukri.com.Properties.readProperty(Properties.java:24)
	at naukri.com.Properties.readProperty(Properties.java:24)
	at naukri.com.Properties.readProperty(Properties.java:24)
	at naukri.com.Properties.readProperty(Properties.java:24)
	at naukri.com.Properties.readProperty(Properties.java:24)
	at naukri.com.Properties.readProperty(Properties.java:24)
	at naukri.com.Properties.readProperty(Properties.java:24)
	at naukri.com.Properties.readProperty(Properties.java:24)
	at naukri.com.Properties.readProperty(Properties.java:24)
	at naukri.com.Properties.readProperty(Properties.java:24)
	at naukri.com.Properties.readProperty(Properties.java:24)
	at naukri.com.Properties.readProperty(Properties.java:24)
	at naukri.com.Properties.readProperty(Properties.java:24)
	at naukri.com.Properties.readProperty(Properties.java:24)
	at naukri.com.Properties.readProperty(Properties.java:24)
	at naukri.com.Properties.readProperty(Properties.java:24)
	at naukri.com.Properties.readProperty(Properties.java:24)
	at naukri.com.Properties.readProperty(Properties.java:24)
	at naukri.com.Properties.readProperty(Properties.java:24)
	at naukri.com.Properties.readProperty(Properties.java:24)
	at naukri.com.Properties.readProperty(Properties.java:24)
	at naukri.com.Properties.readProperty(Properties.java:24)
	at naukri.com.Properties.readProperty(Properties.java:24)
	at naukri.com.Properties.readProperty(Properties.java:24)
	at naukri.com.Properties.readProperty(Properties.java:24)
	at naukri.com.Properties.readProperty(Properties.java:24)
	at naukri.com.Properties.readProperty(Properties.java:24)
	at naukri.com.Properties.readProperty(Properties.java:24)
	at naukri.com.Properties.readProperty(Properties.java:24)
	at naukri.com.Properties.readProperty(Properties.java:24)
	at naukri.com.Properties.readProperty(Properties.java:24)
	at naukri.com.Properties.readProperty(Properties.java:24)
	at naukri.com.Properties.readProperty(Properties.java:24)
	at naukri.com.Properties.readProperty(Properties.java:24)
	at naukri.com.Properties.readProperty(Properties.java:24)
	at naukri.com.Properties.readProperty(Properties.java:24)
	at naukri.com.Properties.readProperty(Properties.java:24)
	at naukri.com.Properties.readProperty(Properties.java:24)
	at naukri.com.Properties.readProperty(Properties.java:24)
	at naukri.com.Properties.readProperty(Properties.java:24)
	at naukri.com.Properties.readProperty(Properties.java:24)
	at naukri.com.Properties.readProperty(Properties.java:24)
	at naukri.com.Properties.readProperty(Properties.java:24)
	at naukri.com.Properties.readProperty(Properties.java:24)
	at naukri.com.Properties.readProperty(Properties.java:24)
	at naukri.com.Properties.readProperty(Properties.java:24)
	at naukri.com.Properties.readProperty(Properties.java:24)
	at naukri.com.Properties.readProperty(Properties.java:24)
	at naukri.com.Properties.readProperty(Properties.java:24)
	at naukri.com.Properties.readProperty(Properties.java:24)
	at naukri.com.Properties.readProperty(Properties.java:24)
	at naukri.com.Properties.readProperty(Properties.java:24)
	at naukri.com.Properties.readProperty(Properties.java:24)
	at naukri.com.Properties.readProperty(Properties.java:24)
	at naukri.com.Properties.readProperty(Properties.java:24)
	at naukri.com.Properties.readProperty(Properties.java:24)
	at naukri.com.Properties.readProperty(Properties.java:24)
	at naukri.com.Properties.readProperty(Properties.java:24)
	at naukri.com.Properties.readProperty(Properties.java:24)
	at naukri.com.Properties.readProperty(Properties.java:24)
	at naukri.com.Properties.readProperty(Properties.java:24)
	at naukri.com.Properties.readProperty(Properties.java:24)
	at naukri.com.Properties.readProperty(Properties.java:24)
	at naukri.com.Properties.readProperty(Properties.java:24)
	at naukri.com.Properties.readProperty(Properties.java:24)
	at naukri.com.Properties.readProperty(Properties.java:24)
	at naukri.com.Properties.readProperty(Properties.java:24)
	at naukri.com.Properties.readProperty(Properties.java:24)
	at naukri.com.Properties.readProperty(Properties.java:24)
	at naukri.com.Properties.readProperty(Properties.java:24)
	at naukri.com.Properties.readProperty(Properties.java:24)
	at naukri.com.Properties.readProperty(Properties.java:24)
	at naukri.com.Properties.readProperty(Properties.java:24)
	at naukri.com.Properties.readProperty(Properties.java:24)
	at naukri.com.Properties.readProperty(Properties.java:24)
	at naukri.com.Properties.readProperty(Properties.java:24)
	at naukri.com.Properties.readProperty(Properties.java:24)
	at naukri.com.Properties.readProperty(Properties.java:24)
	at naukri.com.Properties.readProperty(Properties.java:24)
	at naukri.com.Properties.readProperty(Properties.java:24)
	at naukri.com.Properties.readProperty(Properties.java:24)
	at naukri.com.Properties.readProperty(Properties.java:24)
	at naukri.com.Properties.readProperty(Properties.java:24)
	at naukri.com.Properties.readProperty(Properties.java:24)
	at naukri.com.Properties.readProperty(Properties.java:24)
	at naukri.com.Properties.readProperty(Properties.java:24)
	at naukri.com.Properties.readProperty(Properties.java:24)
	at naukri.com.Properties.readProperty(Properties.java:24)
	at naukri.com.Properties.readProperty(Properties.java:24)
	at naukri.com.Properties.readProperty(Properties.java:24)
	at naukri.com.Properties.readProperty(Properties.java:24)
	at naukri.com.Properties.readProperty(Properties.java:24)
	at naukri.com.Properties.readProperty(Properties.java:24)
	at naukri.com.Properties.readProperty(Properties.java:24)
	at naukri.com.Properties.readProperty(Properties.java:24)
	at naukri.com.Properties.readProperty(Properties.java:24)
	at naukri.com.Properties.readProperty(Properties.java:24)
	at naukri.com.Properties.readProperty(Properties.java:24)
	at naukri.com.Properties.readProperty(Properties.java:24)
	at naukri.com.Properties.readProperty(Properties.java:24)
	at naukri.com.Properties.readProperty(Properties.java:24)
	at naukri.com.Properties.readProperty(Properties.java:24)
	at naukri.com.Properties.readProperty(Properties.java:24)
	at naukri.com.Properties.readProperty(Properties.java:24)
	at naukri.com.Properties.readProperty(Properties.java:24)
	at naukri.com.Properties.readProperty(Properties.java:24)
	at naukri.com.Properties.readProperty(Properties.java:24)
	at naukri.com.Properties.readProperty(Properties.java:24)
	at naukri.com.Properties.readProperty(Properties.java:24)
	at naukri.com.Properties.readProperty(Properties.java:24)
	at naukri.com.Properties.readProperty(Properties.java:24)
	at naukri.com.Properties.readProperty(Properties.java:24)
	at naukri.com.Properties.readProperty(Properties.java:24)
	at naukri.com.Properties.readProperty(Properties.java:24)
	at naukri.com.Properties.readProperty(Properties.java:24)
	at naukri.com.Properties.readProperty(Properties.java:24)
	at naukri.com.Properties.readProperty(Properties.java:24)
	at naukri.com.Properties.readProperty(Properties.java:24)
	at naukri.com.Properties.readProperty(Properties.java:24)
	at naukri.com.Properties.readProperty(Properties.java:24)
	at naukri.com.Properties.readProperty(Properties.java:24)
	at naukri.com.Properties.readProperty(Properties.java:24)
	at naukri.com.Properties.readProperty(Properties.java:24)
	at naukri.com.Properties.readProperty(Properties.java:24)
	at naukri.com.Properties.readProperty(Properties.java:24)
	at naukri.com.Properties.readProperty(Properties.java:24)
	at naukri.com.Properties.readProperty(Properties.java:24)
	at naukri.com.Properties.readProperty(Properties.java:24)
	at naukri.com.Properties.readProperty(Properties.java:24)
	at naukri.com.Properties.readProperty(Properties.java:24)
	at naukri.com.Properties.readProperty(Properties.java:24)
	at naukri.com.Properties.readProperty(Properties.java:24)
	at naukri.com.Properties.readProperty(Properties.java:24)
	at naukri.com.Properties.readProperty(Properties.java:24)
	at naukri.com.Properties.readProperty(Properties.java:24)
	at naukri.com.Properties.readProperty(Properties.java:24)
	at naukri.com.Properties.readProperty(Properties.java:24)
	at naukri.com.Properties.readProperty(Properties.java:24)
	at naukri.com.Properties.readProperty(Properties.java:24)
	at naukri.com.Properties.readProperty(Properties.java:24)
	at naukri.com.Properties.readProperty(Properties.java:24)
	at naukri.com.Properties.readProperty(Properties.java:24)
	at naukri.com.Properties.readProperty(Properties.java:24)
	at naukri.com.Properties.readProperty(Properties.java:24)
	at naukri.com.Properties.readProperty(Properties.java:24)
	at naukri.com.Properties.readProperty(Properties.java:24)
	at naukri.com.Properties.readProperty(Properties.java:24)
	at naukri.com.Properties.readProperty(Properties.java:24)
	at naukri.com.Properties.readProperty(Properties.java:24)
	at naukri.com.Properties.readProperty(Properties.java:24)
	at naukri.com.Properties.readProperty(Properties.java:24)
	at naukri.com.Properties.readProperty(Properties.java:24)
	at naukri.com.Properties.readProperty(Properties.java:24)
	at naukri.com.Properties.readProperty(Properties.java:24)
	at naukri.com.Properties.readProperty(Properties.java:24)
	at naukri.com.Properties.readProperty(Properties.java:24)
	at naukri.com.Properties.readProperty(Properties.java:24)
	at naukri.com.Properties.readProperty(Properties.java:24)
	at naukri.com.Properties.readProperty(Properties.java:24)
	at naukri.com.Properties.readProperty(Properties.java:24)
	at naukri.com.Properties.readProperty(Properties.java:24)
	at naukri.com.Properties.readProperty(Properties.java:24)
	at naukri.com.Properties.readProperty(Properties.java:24)
	at naukri.com.Properties.readProperty(Properties.java:24)
	at naukri.com.Properties.readProperty(Properties.java:24)
	at naukri.com.Properties.readProperty(Properties.java:24)
	at naukri.com.Properties.readProperty(Properties.java:24)
	at naukri.com.Properties.readProperty(Properties.java:24)
	at naukri.com.Properties.readProperty(Properties.java:24)
	at naukri.com.Properties.readProperty(Properties.java:24)
	at naukri.com.Properties.readProperty(Properties.java:24)
	at naukri.com.Properties.readProperty(Properties.java:24)
	at naukri.com.Properties.readProperty(Properties.java:24)
	at naukri.com.Properties.readProperty(Properties.java:24)
	at naukri.com.Properties.readProperty(Properties.java:24)
	at naukri.com.Properties.readProperty(Properties.java:24)
	at naukri.com.Properties.readProperty(Properties.java:24)
	at naukri.com.Properties.readProperty(Properties.java:24)
	at naukri.com.Properties.readProperty(Properties.java:24)
	at naukri.com.Properties.readProperty(Properties.java:24)
	at naukri.com.Properties.readProperty(Properties.java:24)
	at naukri.com.Properties.readProperty(Properties.java:24)
	at naukri.com.Properties.readProperty(Properties.java:24)
	at naukri.com.Properties.readProperty(Properties.java:24)
	at naukri.com.Properties.readProperty(Properties.java:24)
	at naukri.com.Properties.readProperty(Properties.java:24)
	at naukri.com.Properties.readProperty(Properties.java:24)
	at naukri.com.Properties.readProperty(Properties.java:24)
	at naukri.com.Properties.readProperty(Properties.java:24)
	at naukri.com.Properties.readProperty(Properties.java:24)
	at naukri.com.Properties.readProperty(Properties.java:24)
	at naukri.com.Properties.readProperty(Properties.java:24)
	at naukri.com.Properties.readProperty(Properties.java:24)
	at naukri.com.Properties.readProperty(Properties.java:24)
	at naukri.com.Properties.readProperty(Properties.java:24)
	at naukri.com.Properties.readProperty(Properties.java:24)
	at naukri.com.Properties.readProperty(Properties.java:24)
	at naukri.com.Properties.readProperty(Properties.java:24)
	at naukri.com.Properties.readProperty(Properties.java:24)
	at naukri.com.Properties.readProperty(Properties.java:24)
	at naukri.com.Properties.readProperty(Properties.java:24)
	at naukri.com.Properties.readProperty(Properties.java:24)
	at naukri.com.Properties.readProperty(Properties.java:24)
	at naukri.com.Properties.readProperty(Properties.java:24)
	at naukri.com.Properties.readProperty(Properties.java:24)
	at naukri.com.Properties.readProperty(Properties.java:24)
	at naukri.com.Properties.readProperty(Properties.java:24)
	at naukri.com.Properties.readProperty(Properties.java:24)
	at naukri.com.Properties.readProperty(Properties.java:24)
	at naukri.com.Properties.readProperty(Properties.java:24)
	at naukri.com.Properties.readProperty(Properties.java:24)
	at naukri.com.Properties.readProperty(Properties.java:24)
	at naukri.com.Properties.readProperty(Properties.java:24)
	at naukri.com.Properties.readProperty(Properties.java:24)
	at naukri.com.Properties.readProperty(Properties.java:24)
	at naukri.com.Properties.readProperty(Properties.java:24)
	at naukri.com.Properties.readProperty(Properties.java:24)
	at naukri.com.Properties.readProperty(Properties.java:24)
	at naukri.com.Properties.readProperty(Properties.java:24)
	at naukri.com.Properties.readProperty(Properties.java:24)
	at naukri.com.Properties.readProperty(Properties.java:24)
	at naukri.com.Properties.readProperty(Properties.java:24)
	at naukri.com.Properties.readProperty(Properties.java:24)
	at naukri.com.Properties.readProperty(Properties.java:24)
	at naukri.com.Properties.readProperty(Properties.java:24)
	at naukri.com.Properties.readProperty(Properties.java:24)
	at naukri.com.Properties.readProperty(Properties.java:24)
	at naukri.com.Properties.readProperty(Properties.java:24)
	at naukri.com.Properties.readProperty(Properties.java:24)
	at naukri.com.Properties.readProperty(Properties.java:24)
	at naukri.com.Properties.readProperty(Properties.java:24)
	at naukri.com.Properties.readProperty(Properties.java:24)
	at naukri.com.Properties.readProperty(Properties.java:24)
	at naukri.com.Properties.readProperty(Properties.java:24)
	at naukri.com.Properties.readProperty(Properties.java:24)
	at naukri.com.Properties.readProperty(Properties.java:24)
	at naukri.com.Properties.readProperty(Properties.java:24)
	at naukri.com.Properties.readProperty(Properties.java:24)
	at naukri.com.Properties.readProperty(Properties.java:24)
]]>
    </error>
  </testcase> <!-- AppTest -->
</testsuite> <!-- naukri.com.AppTestTest -->
